Analysis & Synthesis report for LAB4
Fri May 30 10:11:28 2025
Quartus Prime Version 21.1.0 Build 842 10/21/2021 SJ Lite Edition


---------------------
; Table of Contents ;
---------------------
  1. Legal Notice
  2. Analysis & Synthesis Summary
  3. Analysis & Synthesis Settings
  4. Parallel Compilation
  5. Analysis & Synthesis Source Files Read
  6. Analysis & Synthesis Resource Usage Summary
  7. Analysis & Synthesis Resource Utilization by Entity
  8. User-Specified and Inferred Latches
  9. General Register Statistics
 10. Multiplexer Restructuring Statistics (Restructuring Performed)
 11. Parameter Settings for User Entity Instance: Top-level Entity: |CombDC
 12. Parameter Settings for User Entity Instance: AdderSub:L3
 13. Parameter Settings for User Entity Instance: Logic:L4
 14. Parameter Settings for User Entity Instance: Shifter:L5
 15. Post-Synthesis Netlist Statistics for Top Partition
 16. Elapsed Time Per Partition
 17. Analysis & Synthesis Messages



----------------
; Legal Notice ;
----------------
Copyright (C) 2021  Intel Corporation. All rights reserved.
Your use of Intel Corporation's design tools, logic functions 
and other software and tools, and any partner logic 
functions, and any output files from any of the foregoing 
(including device programming or simulation files), and any 
associated documentation or information are expressly subject 
to the terms and conditions of the Intel Program License 
Subscription Agreement, the Intel Quartus Prime License Agreement,
the Intel FPGA IP License Agreement, or other applicable license
agreement, including, without limitation, that your use is for
the sole purpose of programming logic devices manufactured by
Intel and sold by Intel or its authorized distributors.  Please
refer to the applicable agreement for further details, at
https://fpgasoftware.intel.com/eula.



+----------------------------------------------------------------------------------+
; Analysis & Synthesis Summary                                                     ;
+------------------------------------+---------------------------------------------+
; Analysis & Synthesis Status        ; Successful - Fri May 30 10:11:28 2025       ;
; Quartus Prime Version              ; 21.1.0 Build 842 10/21/2021 SJ Lite Edition ;
; Revision Name                      ; LAB4                                        ;
; Top-level Entity Name              ; CombDC                                      ;
; Family                             ; Cyclone IV E                                ;
; Total logic elements               ; 204                                         ;
;     Total combinational functions  ; 204                                         ;
;     Dedicated logic registers      ; 0                                           ;
; Total registers                    ; 0                                           ;
; Total pins                         ; 33                                          ;
; Total virtual pins                 ; 0                                           ;
; Total memory bits                  ; 0                                           ;
; Embedded Multiplier 9-bit elements ; 0                                           ;
; Total PLLs                         ; 0                                           ;
+------------------------------------+---------------------------------------------+


+------------------------------------------------------------------------------------------------------------+
; Analysis & Synthesis Settings                                                                              ;
+------------------------------------------------------------------+--------------------+--------------------+
; Option                                                           ; Setting            ; Default Value      ;
+------------------------------------------------------------------+--------------------+--------------------+
; Device                                                           ; EP4CE115F29C7      ;                    ;
; Top-level entity name                                            ; CombDC             ; LAB4               ;
; Family name                                                      ; Cyclone IV E       ; Cyclone V          ;
; Use smart compilation                                            ; Off                ; Off                ;
; Enable parallel Assembler and Timing Analyzer during compilation ; On                 ; On                 ;
; Enable compact report table                                      ; Off                ; Off                ;
; Restructure Multiplexers                                         ; Auto               ; Auto               ;
; Create Debugging Nodes for IP Cores                              ; Off                ; Off                ;
; Preserve fewer node names                                        ; On                 ; On                 ;
; Intel FPGA IP Evaluation Mode                                    ; Enable             ; Enable             ;
; Verilog Version                                                  ; Verilog_2001       ; Verilog_2001       ;
; VHDL Version                                                     ; VHDL_1993          ; VHDL_1993          ;
; State Machine Processing                                         ; Auto               ; Auto               ;
; Safe State Machine                                               ; Off                ; Off                ;
; Extract Verilog State Machines                                   ; On                 ; On                 ;
; Extract VHDL State Machines                                      ; On                 ; On                 ;
; Ignore Verilog initial constructs                                ; Off                ; Off                ;
; Iteration limit for constant Verilog loops                       ; 5000               ; 5000               ;
; Iteration limit for non-constant Verilog loops                   ; 250                ; 250                ;
; Add Pass-Through Logic to Inferred RAMs                          ; On                 ; On                 ;
; Infer RAMs from Raw Logic                                        ; On                 ; On                 ;
; Parallel Synthesis                                               ; On                 ; On                 ;
; DSP Block Balancing                                              ; Auto               ; Auto               ;
; NOT Gate Push-Back                                               ; On                 ; On                 ;
; Power-Up Don't Care                                              ; On                 ; On                 ;
; Remove Redundant Logic Cells                                     ; Off                ; Off                ;
; Remove Duplicate Registers                                       ; On                 ; On                 ;
; Ignore CARRY Buffers                                             ; Off                ; Off                ;
; Ignore CASCADE Buffers                                           ; Off                ; Off                ;
; Ignore GLOBAL Buffers                                            ; Off                ; Off                ;
; Ignore ROW GLOBAL Buffers                                        ; Off                ; Off                ;
; Ignore LCELL Buffers                                             ; Off                ; Off                ;
; Ignore SOFT Buffers                                              ; On                 ; On                 ;
; Limit AHDL Integers to 32 Bits                                   ; Off                ; Off                ;
; Optimization Technique                                           ; Balanced           ; Balanced           ;
; Carry Chain Length                                               ; 70                 ; 70                 ;
; Auto Carry Chains                                                ; On                 ; On                 ;
; Auto Open-Drain Pins                                             ; On                 ; On                 ;
; Perform WYSIWYG Primitive Resynthesis                            ; Off                ; Off                ;
; Auto ROM Replacement                                             ; On                 ; On                 ;
; Auto RAM Replacement                                             ; On                 ; On                 ;
; Auto DSP Block Replacement                                       ; On                 ; On                 ;
; Auto Shift Register Replacement                                  ; Auto               ; Auto               ;
; Allow Shift Register Merging across Hierarchies                  ; Auto               ; Auto               ;
; Auto Clock Enable Replacement                                    ; On                 ; On                 ;
; Strict RAM Replacement                                           ; Off                ; Off                ;
; Allow Synchronous Control Signals                                ; On                 ; On                 ;
; Force Use of Synchronous Clear Signals                           ; Off                ; Off                ;
; Auto RAM Block Balancing                                         ; On                 ; On                 ;
; Auto RAM to Logic Cell Conversion                                ; Off                ; Off                ;
; Auto Resource Sharing                                            ; Off                ; Off                ;
; Allow Any RAM Size For Recognition                               ; Off                ; Off                ;
; Allow Any ROM Size For Recognition                               ; Off                ; Off                ;
; Allow Any Shift Register Size For Recognition                    ; Off                ; Off                ;
; Use LogicLock Constraints during Resource Balancing              ; On                 ; On                 ;
; Ignore translate_off and synthesis_off directives                ; Off                ; Off                ;
; Timing-Driven Synthesis                                          ; On                 ; On                 ;
; Report Parameter Settings                                        ; On                 ; On                 ;
; Report Source Assignments                                        ; On                 ; On                 ;
; Report Connectivity Checks                                       ; On                 ; On                 ;
; Ignore Maximum Fan-Out Assignments                               ; Off                ; Off                ;
; Synchronization Register Chain Length                            ; 2                  ; 2                  ;
; Power Optimization During Synthesis                              ; Normal compilation ; Normal compilation ;
; HDL message level                                                ; Level2             ; Level2             ;
; Suppress Register Optimization Related Messages                  ; Off                ; Off                ;
; Number of Removed Registers Reported in Synthesis Report         ; 5000               ; 5000               ;
; Number of Swept Nodes Reported in Synthesis Report               ; 5000               ; 5000               ;
; Number of Inverted Registers Reported in Synthesis Report        ; 100                ; 100                ;
; Clock MUX Protection                                             ; On                 ; On                 ;
; Auto Gated Clock Conversion                                      ; Off                ; Off                ;
; Block Design Naming                                              ; Auto               ; Auto               ;
; SDC constraint protection                                        ; Off                ; Off                ;
; Synthesis Effort                                                 ; Auto               ; Auto               ;
; Shift Register Replacement - Allow Asynchronous Clear Signal     ; On                 ; On                 ;
; Pre-Mapping Resynthesis Optimization                             ; Off                ; Off                ;
; Analysis & Synthesis Message Level                               ; Medium             ; Medium             ;
; Disable Register Merging Across Hierarchies                      ; Auto               ; Auto               ;
; Resource Aware Inference For Block RAM                           ; On                 ; On                 ;
+------------------------------------------------------------------+--------------------+--------------------+


+------------------------------------------+
; Parallel Compilation                     ;
+----------------------------+-------------+
; Processors                 ; Number      ;
+----------------------------+-------------+
; Number detected on machine ; 8           ;
; Maximum allowed            ; 8           ;
;                            ;             ;
; Average used               ; 1.00        ;
; Maximum used               ; 8           ;
;                            ;             ;
; Usage by Processor         ; % Time Used ;
;     Processor 1            ; 100.0%      ;
;     Processors 2-8         ;   0.0%      ;
+----------------------------+-------------+


+----------------------------------------------------------------------------------------------------------------------------------+
; Analysis & Synthesis Source Files Read                                                                                           ;
+----------------------------------+-----------------+-----------------+-------------------------------------------------+---------+
; File Name with User-Entered Path ; Used in Netlist ; File Type       ; File Name with Absolute Path                    ; Library ;
+----------------------------------+-----------------+-----------------+-------------------------------------------------+---------+
; DUT/Shifter.vhd                  ; yes             ; User VHDL File  ; C:/Users/nyifv/Desktop/LAB4/DUT/Shifter.vhd     ;         ;
; DUT/Logic.vhd                    ; yes             ; User VHDL File  ; C:/Users/nyifv/Desktop/LAB4/DUT/Logic.vhd       ;         ;
; DUT/FA.vhd                       ; yes             ; User VHDL File  ; C:/Users/nyifv/Desktop/LAB4/DUT/FA.vhd          ;         ;
; DUT/CombDC.vhd                   ; yes             ; User VHDL File  ; C:/Users/nyifv/Desktop/LAB4/DUT/CombDC.vhd      ;         ;
; DUT/aux_package.vhd              ; yes             ; User VHDL File  ; C:/Users/nyifv/Desktop/LAB4/DUT/aux_package.vhd ;         ;
; DUT/AdderSub.vhd                 ; yes             ; User VHDL File  ; C:/Users/nyifv/Desktop/LAB4/DUT/AdderSub.vhd    ;         ;
+----------------------------------+-----------------+-----------------+-------------------------------------------------+---------+


+----------------------------------------------------------------+
; Analysis & Synthesis Resource Usage Summary                    ;
+---------------------------------------------+------------------+
; Resource                                    ; Usage            ;
+---------------------------------------------+------------------+
; Estimated Total logic elements              ; 204              ;
;                                             ;                  ;
; Total combinational functions               ; 204              ;
; Logic element usage by number of LUT inputs ;                  ;
;     -- 4 input functions                    ; 146              ;
;     -- 3 input functions                    ; 47               ;
;     -- <=2 input functions                  ; 11               ;
;                                             ;                  ;
; Logic elements by mode                      ;                  ;
;     -- normal mode                          ; 204              ;
;     -- arithmetic mode                      ; 0                ;
;                                             ;                  ;
; Total registers                             ; 0                ;
;     -- Dedicated logic registers            ; 0                ;
;     -- I/O registers                        ; 0                ;
;                                             ;                  ;
; I/O pins                                    ; 33               ;
;                                             ;                  ;
; Embedded Multiplier 9-bit elements          ; 0                ;
;                                             ;                  ;
; Maximum fan-out node                        ; ALUFN_i[4]~input ;
; Maximum fan-out                             ; 56               ;
; Total fan-out                               ; 792              ;
; Average fan-out                             ; 2.93             ;
+---------------------------------------------+------------------+


+---------------------------------------------------------------------------------------------------------------------------------------------------------------------------------------------------------------------------+
; Analysis & Synthesis Resource Utilization by Entity                                                                                                                                                                       ;
+----------------------------+---------------------+---------------------------+-------------+--------------+---------+-----------+------+--------------+--------------------------------------+-------------+--------------+
; Compilation Hierarchy Node ; Combinational ALUTs ; Dedicated Logic Registers ; Memory Bits ; DSP Elements ; DSP 9x9 ; DSP 18x18 ; Pins ; Virtual Pins ; Full Hierarchy Name                  ; Entity Name ; Library Name ;
+----------------------------+---------------------+---------------------------+-------------+--------------+---------+-----------+------+--------------+--------------------------------------+-------------+--------------+
; |CombDC                    ; 204 (83)            ; 0 (0)                     ; 0           ; 0            ; 0       ; 0         ; 33   ; 0            ; |CombDC                              ; CombDC      ; work         ;
;    |AdderSub:L3|           ; 16 (0)              ; 0 (0)                     ; 0           ; 0            ; 0       ; 0         ; 0    ; 0            ; |CombDC|AdderSub:L3                  ; AdderSub    ; work         ;
;       |FA:\rest:1:chain|   ; 2 (2)               ; 0 (0)                     ; 0           ; 0            ; 0       ; 0         ; 0    ; 0            ; |CombDC|AdderSub:L3|FA:\rest:1:chain ; FA          ; work         ;
;       |FA:\rest:2:chain|   ; 2 (2)               ; 0 (0)                     ; 0           ; 0            ; 0       ; 0         ; 0    ; 0            ; |CombDC|AdderSub:L3|FA:\rest:2:chain ; FA          ; work         ;
;       |FA:\rest:3:chain|   ; 2 (2)               ; 0 (0)                     ; 0           ; 0            ; 0       ; 0         ; 0    ; 0            ; |CombDC|AdderSub:L3|FA:\rest:3:chain ; FA          ; work         ;
;       |FA:\rest:4:chain|   ; 2 (2)               ; 0 (0)                     ; 0           ; 0            ; 0       ; 0         ; 0    ; 0            ; |CombDC|AdderSub:L3|FA:\rest:4:chain ; FA          ; work         ;
;       |FA:\rest:5:chain|   ; 2 (2)               ; 0 (0)                     ; 0           ; 0            ; 0       ; 0         ; 0    ; 0            ; |CombDC|AdderSub:L3|FA:\rest:5:chain ; FA          ; work         ;
;       |FA:\rest:6:chain|   ; 2 (2)               ; 0 (0)                     ; 0           ; 0            ; 0       ; 0         ; 0    ; 0            ; |CombDC|AdderSub:L3|FA:\rest:6:chain ; FA          ; work         ;
;       |FA:\rest:7:chain|   ; 2 (2)               ; 0 (0)                     ; 0           ; 0            ; 0       ; 0         ; 0    ; 0            ; |CombDC|AdderSub:L3|FA:\rest:7:chain ; FA          ; work         ;
;       |FA:first|           ; 2 (2)               ; 0 (0)                     ; 0           ; 0            ; 0       ; 0         ; 0    ; 0            ; |CombDC|AdderSub:L3|FA:first         ; FA          ; work         ;
;    |Logic:L4|              ; 59 (59)             ; 0 (0)                     ; 0           ; 0            ; 0       ; 0         ; 0    ; 0            ; |CombDC|Logic:L4                     ; Logic       ; work         ;
;    |Shifter:L5|            ; 46 (46)             ; 0 (0)                     ; 0           ; 0            ; 0       ; 0         ; 0    ; 0            ; |CombDC|Shifter:L5                   ; Shifter     ; work         ;
+----------------------------+---------------------+---------------------------+-------------+--------------+---------+-----------+------+--------------+--------------------------------------+-------------+--------------+
Note: For table entries with two numbers listed, the numbers in parentheses indicate the number of resources of the given type used by the specific entity alone. The numbers listed outside of parentheses indicate the total resources of the given type used by the specific entity and all of its sub-entities in the hierarchy.


+---------------------------------------------------------------------------------------------------+
; User-Specified and Inferred Latches                                                               ;
+----------------------------------------------------+---------------------+------------------------+
; Latch Name                                         ; Latch Enable Signal ; Free of Timing Hazards ;
+----------------------------------------------------+---------------------+------------------------+
; Nflag_o$latch                                      ; Nflag_o             ; yes                    ;
; Number of user-specified and inferred latches = 1  ;                     ;                        ;
+----------------------------------------------------+---------------------+------------------------+
Note: All latches listed above may not be present at the end of synthesis due to various synthesis optimizations.


+------------------------------------------------------+
; General Register Statistics                          ;
+----------------------------------------------+-------+
; Statistic                                    ; Value ;
+----------------------------------------------+-------+
; Total registers                              ; 0     ;
; Number of registers using Synchronous Clear  ; 0     ;
; Number of registers using Synchronous Load   ; 0     ;
; Number of registers using Asynchronous Clear ; 0     ;
; Number of registers using Asynchronous Load  ; 0     ;
; Number of registers using Clock Enable       ; 0     ;
; Number of registers using Preset             ; 0     ;
+----------------------------------------------+-------+


+--------------------------------------------------------------------------------------------------------------------------------------------+
; Multiplexer Restructuring Statistics (Restructuring Performed)                                                                             ;
+--------------------+-----------+---------------+----------------------+------------------------+------------+------------------------------+
; Multiplexer Inputs ; Bus Width ; Baseline Area ; Area if Restructured ; Saving if Restructured ; Registered ; Example Multiplexer Output   ;
+--------------------+-----------+---------------+----------------------+------------------------+------------+------------------------------+
; 3:1                ; 2 bits    ; 4 LEs         ; 4 LEs                ; 0 LEs                  ; No         ; |CombDC|Shifter:L5|mat[3][6] ;
; 8:1                ; 8 bits    ; 40 LEs        ; 32 LEs               ; 8 LEs                  ; No         ; |CombDC|Logic:L4|res[6]      ;
; 5:1                ; 7 bits    ; 21 LEs        ; 14 LEs               ; 7 LEs                  ; No         ; |CombDC|ALUout_o             ;
+--------------------+-----------+---------------+----------------------+------------------------+------------+------------------------------+


+------------------------------------------------------------------------+
; Parameter Settings for User Entity Instance: Top-level Entity: |CombDC ;
+----------------+-------+-----------------------------------------------+
; Parameter Name ; Value ; Type                                          ;
+----------------+-------+-----------------------------------------------+
; n              ; 8     ; Signed Integer                                ;
; k              ; 3     ; Signed Integer                                ;
; m              ; 4     ; Signed Integer                                ;
+----------------+-------+-----------------------------------------------+
Note: In order to hide this table in the UI and the text report file, please set the "Show Parameter Settings in Synthesis Report" option in "Analysis and Synthesis Settings -> More Settings" to "Off".


+----------------------------------------------------------+
; Parameter Settings for User Entity Instance: AdderSub:L3 ;
+----------------+-------+---------------------------------+
; Parameter Name ; Value ; Type                            ;
+----------------+-------+---------------------------------+
; n              ; 8     ; Signed Integer                  ;
+----------------+-------+---------------------------------+
Note: In order to hide this table in the UI and the text report file, please set the "Show Parameter Settings in Synthesis Report" option in "Analysis and Synthesis Settings -> More Settings" to "Off".


+-------------------------------------------------------+
; Parameter Settings for User Entity Instance: Logic:L4 ;
+----------------+-------+------------------------------+
; Parameter Name ; Value ; Type                         ;
+----------------+-------+------------------------------+
; n              ; 8     ; Signed Integer               ;
+----------------+-------+------------------------------+
Note: In order to hide this table in the UI and the text report file, please set the "Show Parameter Settings in Synthesis Report" option in "Analysis and Synthesis Settings -> More Settings" to "Off".


+---------------------------------------------------------+
; Parameter Settings for User Entity Instance: Shifter:L5 ;
+----------------+-------+--------------------------------+
; Parameter Name ; Value ; Type                           ;
+----------------+-------+--------------------------------+
; n              ; 8     ; Signed Integer                 ;
; k              ; 3     ; Signed Integer                 ;
+----------------+-------+--------------------------------+
Note: In order to hide this table in the UI and the text report file, please set the "Show Parameter Settings in Synthesis Report" option in "Analysis and Synthesis Settings -> More Settings" to "Off".


+-----------------------------------------------------+
; Post-Synthesis Netlist Statistics for Top Partition ;
+-----------------------+-----------------------------+
; Type                  ; Count                       ;
+-----------------------+-----------------------------+
; boundary_port         ; 33                          ;
; cycloneiii_lcell_comb ; 205                         ;
;     normal            ; 205                         ;
;         1 data inputs ; 1                           ;
;         2 data inputs ; 11                          ;
;         3 data inputs ; 47                          ;
;         4 data inputs ; 146                         ;
;                       ;                             ;
; Max LUT depth         ; 14.00                       ;
; Average LUT depth     ; 9.74                        ;
+-----------------------+-----------------------------+


+-------------------------------+
; Elapsed Time Per Partition    ;
+----------------+--------------+
; Partition Name ; Elapsed Time ;
+----------------+--------------+
; Top            ; 00:00:01     ;
+----------------+--------------+


+-------------------------------+
; Analysis & Synthesis Messages ;
+-------------------------------+
Info: *******************************************************************
Info: Running Quartus Prime Analysis & Synthesis
    Info: Version 21.1.0 Build 842 10/21/2021 SJ Lite Edition
    Info: Processing started: Fri May 30 10:11:18 2025
Info: Command: quartus_map --read_settings_files=on --write_settings_files=off LAB4 -c LAB4
Warning (18236): Number of processors has not been specified which may cause overloading on shared machines.  Set the global assignment NUM_PARALLEL_PROCESSORS in your QSF to an appropriate value for best performance.
Info (20030): Parallel compilation is enabled and will use 8 of the 8 processors detected
Info (12021): Found 2 design units, including 1 entities, in source file dut/pll.vhd
    Info (12022): Found design unit 1: pll-SYN File: C:/Users/nyifv/Desktop/LAB4/DUT/PLL.vhd Line: 53
    Info (12023): Found entity 1: PLL File: C:/Users/nyifv/Desktop/LAB4/DUT/PLL.vhd Line: 42
Info (12021): Found 2 design units, including 1 entities, in source file dut/hexdecoder.vhd
    Info (12022): Found design unit 1: SevenSegDecoder-SevenSegDecoder File: C:/Users/nyifv/Desktop/LAB4/DUT/HEXdecoder.vhd Line: 10
    Info (12023): Found entity 1: SevenSegDecoder File: C:/Users/nyifv/Desktop/LAB4/DUT/HEXdecoder.vhd Line: 5
Info (12021): Found 2 design units, including 1 entities, in source file dut/gpio_interface.vhd
    Info (12022): Found design unit 1: GPIO_Interface-GPIO_Interface File: C:/Users/nyifv/Desktop/LAB4/DUT/GPIO_Interface.vhd Line: 17
    Info (12023): Found entity 1: GPIO_Interface File: C:/Users/nyifv/Desktop/LAB4/DUT/GPIO_Interface.vhd Line: 7
Info (12021): Found 2 design units, including 1 entities, in source file dut/top.vhd
    Info (12022): Found design unit 1: top-top File: C:/Users/nyifv/Desktop/LAB4/DUT/top.vhd Line: 17
    Info (12023): Found entity 1: top File: C:/Users/nyifv/Desktop/LAB4/DUT/top.vhd Line: 7
Info (12021): Found 2 design units, including 1 entities, in source file dut/syncdc.vhd
    Info (12022): Found design unit 1: SyncDC-SyncDC File: C:/Users/nyifv/Desktop/LAB4/DUT/SyncDC.vhd Line: 15
    Info (12023): Found entity 1: SyncDC File: C:/Users/nyifv/Desktop/LAB4/DUT/SyncDC.vhd Line: 7
Info (12021): Found 2 design units, including 1 entities, in source file dut/shifter.vhd
    Info (12022): Found design unit 1: Shifter-Shifter File: C:/Users/nyifv/Desktop/LAB4/DUT/Shifter.vhd Line: 14
    Info (12023): Found entity 1: Shifter File: C:/Users/nyifv/Desktop/LAB4/DUT/Shifter.vhd Line: 5
Info (12021): Found 2 design units, including 1 entities, in source file dut/pwmunit.vhd
    Info (12022): Found design unit 1: PWMunit-PWMunit File: C:/Users/nyifv/Desktop/LAB4/DUT/PWMunit.vhd Line: 15
    Info (12023): Found entity 1: PWMunit File: C:/Users/nyifv/Desktop/LAB4/DUT/PWMunit.vhd Line: 7
Info (12021): Found 2 design units, including 1 entities, in source file dut/logic.vhd
    Info (12022): Found design unit 1: Logic-Logic File: C:/Users/nyifv/Desktop/LAB4/DUT/Logic.vhd Line: 13
    Info (12023): Found entity 1: Logic File: C:/Users/nyifv/Desktop/LAB4/DUT/Logic.vhd Line: 6
Info (12021): Found 2 design units, including 1 entities, in source file dut/fa.vhd
    Info (12022): Found design unit 1: FA-dataflow File: C:/Users/nyifv/Desktop/LAB4/DUT/FA.vhd Line: 9
    Info (12023): Found entity 1: FA File: C:/Users/nyifv/Desktop/LAB4/DUT/FA.vhd Line: 4
Info (12021): Found 2 design units, including 1 entities, in source file dut/combdc.vhd
    Info (12022): Found design unit 1: CombDC-CombDC File: C:/Users/nyifv/Desktop/LAB4/DUT/CombDC.vhd Line: 18
    Info (12023): Found entity 1: CombDC File: C:/Users/nyifv/Desktop/LAB4/DUT/CombDC.vhd Line: 7
Info (12021): Found 1 design units, including 0 entities, in source file dut/aux_package.vhd
    Info (12022): Found design unit 1: aux_package File: C:/Users/nyifv/Desktop/LAB4/DUT/aux_package.vhd Line: 4
Info (12021): Found 2 design units, including 1 entities, in source file dut/addersub.vhd
    Info (12022): Found design unit 1: AdderSub-AdderSub File: C:/Users/nyifv/Desktop/LAB4/DUT/AdderSub.vhd Line: 12
    Info (12023): Found entity 1: AdderSub File: C:/Users/nyifv/Desktop/LAB4/DUT/AdderSub.vhd Line: 4
Info (12127): Elaborating entity "CombDC" for the top level hierarchy
Info (10041): Inferred latch for "Nflag_o" at CombDC.vhd(111) File: C:/Users/nyifv/Desktop/LAB4/DUT/CombDC.vhd Line: 111
Info (12128): Elaborating entity "AdderSub" for hierarchy "AdderSub:L3" File: C:/Users/nyifv/Desktop/LAB4/DUT/CombDC.vhd Line: 76
Info (12128): Elaborating entity "FA" for hierarchy "AdderSub:L3|FA:first" File: C:/Users/nyifv/Desktop/LAB4/DUT/AdderSub.vhd Line: 24
Info (12128): Elaborating entity "Logic" for hierarchy "Logic:L4" File: C:/Users/nyifv/Desktop/LAB4/DUT/CombDC.vhd Line: 81
Info (10041): Inferred latch for "res[7]" at Logic.vhd(16) File: C:/Users/nyifv/Desktop/LAB4/DUT/Logic.vhd Line: 16
Info (10041): Inferred latch for "res[6]" at Logic.vhd(16) File: C:/Users/nyifv/Desktop/LAB4/DUT/Logic.vhd Line: 16
Info (10041): Inferred latch for "res[5]" at Logic.vhd(16) File: C:/Users/nyifv/Desktop/LAB4/DUT/Logic.vhd Line: 16
Info (10041): Inferred latch for "res[4]" at Logic.vhd(16) File: C:/Users/nyifv/Desktop/LAB4/DUT/Logic.vhd Line: 16
Info (10041): Inferred latch for "res[3]" at Logic.vhd(16) File: C:/Users/nyifv/Desktop/LAB4/DUT/Logic.vhd Line: 16
Info (10041): Inferred latch for "res[2]" at Logic.vhd(16) File: C:/Users/nyifv/Desktop/LAB4/DUT/Logic.vhd Line: 16
Info (10041): Inferred latch for "res[1]" at Logic.vhd(16) File: C:/Users/nyifv/Desktop/LAB4/DUT/Logic.vhd Line: 16
Info (10041): Inferred latch for "res[0]" at Logic.vhd(16) File: C:/Users/nyifv/Desktop/LAB4/DUT/Logic.vhd Line: 16
Info (12128): Elaborating entity "Shifter" for hierarchy "Shifter:L5" File: C:/Users/nyifv/Desktop/LAB4/DUT/CombDC.vhd Line: 85
Warning (14026): LATCH primitive "Logic:L4|res[0]" is permanently enabled File: C:/Users/nyifv/Desktop/LAB4/DUT/Logic.vhd Line: 16
Warning (14026): LATCH primitive "Logic:L4|res[1]" is permanently enabled File: C:/Users/nyifv/Desktop/LAB4/DUT/Logic.vhd Line: 16
Warning (14026): LATCH primitive "Logic:L4|res[2]" is permanently enabled File: C:/Users/nyifv/Desktop/LAB4/DUT/Logic.vhd Line: 16
Warning (14026): LATCH primitive "Logic:L4|res[3]" is permanently enabled File: C:/Users/nyifv/Desktop/LAB4/DUT/Logic.vhd Line: 16
Warning (14026): LATCH primitive "Logic:L4|res[4]" is permanently enabled File: C:/Users/nyifv/Desktop/LAB4/DUT/Logic.vhd Line: 16
Warning (14026): LATCH primitive "Logic:L4|res[5]" is permanently enabled File: C:/Users/nyifv/Desktop/LAB4/DUT/Logic.vhd Line: 16
Warning (14026): LATCH primitive "Logic:L4|res[6]" is permanently enabled File: C:/Users/nyifv/Desktop/LAB4/DUT/Logic.vhd Line: 16
Warning (14026): LATCH primitive "Logic:L4|res[7]" is permanently enabled File: C:/Users/nyifv/Desktop/LAB4/DUT/Logic.vhd Line: 16
Warning (13012): Latch Nflag_o$latch has unsafe behavior File: C:/Users/nyifv/Desktop/LAB4/DUT/CombDC.vhd Line: 111
    Warning (13013): Ports D and ENA on the latch are fed by the same signal ALUFN_i[0] File: C:/Users/nyifv/Desktop/LAB4/DUT/CombDC.vhd Line: 12
Info (286030): Timing-Driven Synthesis is running
Info (16010): Generating hard_block partition "hard_block:auto_generated_inst"
    Info (16011): Adding 0 node(s), including 0 DDIO, 0 PLL, 0 transceiver and 0 LCELL
Info (21057): Implemented 237 device resources after synthesis - the final resource count might be different
    Info (21058): Implemented 21 input pins
    Info (21059): Implemented 12 output pins
    Info (21061): Implemented 204 logic cells
Info: Quartus Prime Analysis & Synthesis was successful. 0 errors, 11 warnings
    Info: Peak virtual memory: 4858 megabytes
    Info: Processing ended: Fri May 30 10:11:28 2025
    Info: Elapsed time: 00:00:10
    Info: Total CPU time (on all processors): 00:00:21


